<?xml version="1.0" encoding="UTF-8"?>
<!-- Generated by org.testng.reporters.JUnitReportReporter -->
<testsuite hostname="DESKTOP-E9O47MM" failures="0" tests="2" name="OmkarIngale.SeleniumFrameworkDesign.HashMapTest" time="19.540" errors="0" timestamp="2024-02-11T12:49:40 IST" skipped="0">
  <testcase classname="OmkarIngale.SeleniumFrameworkDesign.HashMapTest" name="eCommerceProject" time="7.607"/>
  <system-out/>
  <testcase classname="OmkarIngale.SeleniumFrameworkDesign.HashMapTest" name="eCommerceProject" time="11.933"/>
  <system-out/>
</testsuite> <!-- OmkarIngale.SeleniumFrameworkDesign.HashMapTest -->
