<?xml version="1.0" encoding="UTF-8"?>
<!-- Generated by org.testng.reporters.JUnitReportReporter -->
<testsuite hostname="DESKTOP-E9O47MM" failures="0" tests="2" name="OmkarIngale.SeleniumFrameworkDesign.ParameterizeDataDrivernTest" time="21.685" errors="0" timestamp="2024-02-11T00:21:29 IST" skipped="0">
  <testcase classname="OmkarIngale.SeleniumFrameworkDesign.ParameterizeDataDrivernTest" name="eCommerceProject" time="9.255"/>
  <system-out/>
  <testcase classname="OmkarIngale.SeleniumFrameworkDesign.ParameterizeDataDrivernTest" name="eCommerceProject" time="12.430"/>
  <system-out/>
</testsuite> <!-- OmkarIngale.SeleniumFrameworkDesign.ParameterizeDataDrivernTest -->
