<?xml version="1.0" encoding="UTF-8"?>
<!-- Generated by org.testng.reporters.JUnitReportReporter -->
<testsuite hostname="DESKTOP-E9O47MM" failures="0" tests="2" name="OmkarIngale.SeleniumFrameworkDesign.ErrorValidations" time="12.475" errors="0" timestamp="2024-02-10T13:09:06 IST" skipped="0">
  <testcase classname="OmkarIngale.SeleniumFrameworkDesign.ErrorValidations" name="loginErrorValidation" time="6.660"/>
  <system-out/>
  <testcase classname="OmkarIngale.SeleniumFrameworkDesign.ErrorValidations" name="productErrorValidation" time="5.815"/>
  <system-out/>
</testsuite> <!-- OmkarIngale.SeleniumFrameworkDesign.ErrorValidations -->
