<?xml version="1.0" encoding="UTF-8"?>
<!-- Generated by org.testng.reporters.JUnitReportReporter -->
<testsuite hostname="DESKTOP-E9O47MM" failures="0" tests="2" name="OmkarIngale.SeleniumFrameworkDesign.jsonDataFileUsedTest" time="17.135" errors="0" timestamp="2024-02-11T23:07:27 IST" skipped="0">
  <testcase classname="OmkarIngale.SeleniumFrameworkDesign.jsonDataFileUsedTest" name="eCommerceProject" time="8.087"/>
  <system-out/>
  <testcase classname="OmkarIngale.SeleniumFrameworkDesign.jsonDataFileUsedTest" name="eCommerceProject" time="9.048"/>
  <system-out/>
</testsuite> <!-- OmkarIngale.SeleniumFrameworkDesign.jsonDataFileUsedTest -->
