<?xml version="1.0" encoding="UTF-8"?>
<!-- Generated by org.testng.reporters.JUnitReportReporter -->
<testsuite hostname="DESKTOP-E9O47MM" failures="0" tests="2" name="OmkarIngale.SeleniumFrameworkDesign.StandAloneProjectTest" time="23.281" errors="0" timestamp="2024-04-02T11:43:27 IST" skipped="0">
  <testcase classname="OmkarIngale.SeleniumFrameworkDesign.StandAloneProjectTest" name="verifyProductName" time="6.798"/>
  <system-out/>
  <testcase classname="OmkarIngale.SeleniumFrameworkDesign.StandAloneProjectTest" name="eCommerceProject" time="16.483"/>
  <system-out/>
</testsuite> <!-- OmkarIngale.SeleniumFrameworkDesign.StandAloneProjectTest -->
